2026-02-15T07:31:29.000000000Z [inf]  Stopping Container
2026-02-15T07:38:43.000000000Z [inf]  Starting Container
2026-02-15T07:38:44.368981570Z [err]  Traceback (most recent call last):
2026-02-15T07:38:44.368988400Z [err]      validate_token(token)
2026-02-15T07:38:44.368991110Z [err]    File "/app/bot.py", line 11, in <module>
2026-02-15T07:38:44.368999270Z [err]      bot = Bot(BOT_TOKEN)
2026-02-15T07:38:44.369009920Z [err]    File "/app/.venv/lib/python3.11/site-packages/aiogram/utils/token.py", line 17, in validate_token
2026-02-15T07:38:44.369010480Z [err]            ^^^^^^^^^^^^^^
2026-02-15T07:38:44.369020570Z [err]    File "/app/.venv/lib/python3.11/site-packages/aiogram/client/bot.py", line 200, in __init__
2026-02-15T07:38:44.369028150Z [err]      raise TokenValidationError(
2026-02-15T07:38:44.369039030Z [err]  aiogram.utils.token.TokenValidationError: Token is invalid! It must be 'str' type instead of <class 'NoneType'> type.
2026-02-15T07:38:45.949571935Z [err]  Traceback (most recent call last):
2026-02-15T07:38:45.949579215Z [err]    File "/app/bot.py", line 11, in <module>
2026-02-15T07:38:45.949588185Z [err]      bot = Bot(BOT_TOKEN)
2026-02-15T07:38:45.949594755Z [err]            ^^^^^^^^^^^^^^
2026-02-15T07:38:45.949601865Z [err]    File "/app/.venv/lib/python3.11/site-packages/aiogram/client/bot.py", line 200, in __init__
2026-02-15T07:38:45.949608405Z [err]      validate_token(token)
2026-02-15T07:38:45.949614985Z [err]    File "/app/.venv/lib/python3.11/site-packages/aiogram/utils/token.py", line 17, in validate_token
2026-02-15T07:38:45.949621955Z [err]      raise TokenValidationError(
2026-02-15T07:38:45.949628635Z [err]  aiogram.utils.token.TokenValidationError: Token is invalid! It must be 'str' type instead of <class 'NoneType'> type.
2026-02-15T07:38:46.000000000Z [inf]  Stopping Container
2026-02-15T07:38:47.732519815Z [err]  Traceback (most recent call last):
2026-02-15T07:38:47.732527345Z [err]    File "/app/bot.py", line 11, in <module>
2026-02-15T07:38:47.732534115Z [err]      bot = Bot(BOT_TOKEN)
2026-02-15T07:38:47.732545595Z [err]            ^^^^^^^^^^^^^^
2026-02-15T07:38:47.732551925Z [err]    File "/app/.venv/lib/python3.11/site-packages/aiogram/client/bot.py", line 200, in __init__
2026-02-15T07:38:47.732558255Z [err]      validate_token(token)
2026-02-15T07:38:47.732564515Z [err]    File "/app/.venv/lib/python3.11/site-packages/aiogram/utils/token.py", line 17, in validate_token
2026-02-15T07:38:47.732571375Z [err]      raise TokenValidationError(
2026-02-15T07:38:47.732591125Z [err]  aiogram.utils.token.TokenValidationError: Token is invalid! It must be 'str' type instead of <class 'NoneType'> type.
2026-02-15T07:38:49.658594292Z [err]      raise TokenValidationError(
2026-02-15T07:38:49.658606842Z [err]  aiogram.utils.token.TokenValidationError: Token is invalid! It must be 'str' type instead of <class 'NoneType'> type.
2026-02-15T07:38:49.658641142Z [err]  Traceback (most recent call last):
2026-02-15T07:38:49.658646622Z [err]    File "/app/bot.py", line 11, in <module>
2026-02-15T07:38:49.658652252Z [err]      bot = Bot(BOT_TOKEN)
2026-02-15T07:38:49.658657772Z [err]            ^^^^^^^^^^^^^^
2026-02-15T07:38:49.658663152Z [err]    File "/app/.venv/lib/python3.11/site-packages/aiogram/client/bot.py", line 200, in __init__
2026-02-15T07:38:49.658668522Z [err]      validate_token(token)
2026-02-15T07:38:49.658673952Z [err]    File "/app/.venv/lib/python3.11/site-packages/aiogram/utils/token.py", line 17, in validate_token
2026-02-15T07:38:51.261353335Z [err]  Traceback (most recent call last):
2026-02-15T07:38:51.261360695Z [err]    File "/app/bot.py", line 11, in <module>
2026-02-15T07:38:51.261366815Z [err]      bot = Bot(BOT_TOKEN)
2026-02-15T07:38:51.261372175Z [err]            ^^^^^^^^^^^^^^
2026-02-15T07:38:51.261378155Z [err]    File "/app/.venv/lib/python3.11/site-packages/aiogram/client/bot.py", line 200, in __init__
2026-02-15T07:38:51.261383905Z [err]      validate_token(token)
2026-02-15T07:38:51.261389345Z [err]    File "/app/.venv/lib/python3.11/site-packages/aiogram/utils/token.py", line 17, in validate_token
2026-02-15T07:38:51.261395435Z [err]      raise TokenValidationError(
2026-02-15T07:38:51.261410205Z [err]  aiogram.utils.token.TokenValidationError: Token is invalid! It must be 'str' type instead of <class 'NoneType'> type.
2026-02-15T07:38:53.134411624Z [err]  Traceback (most recent call last):
2026-02-15T07:38:53.134421234Z [err]    File "/app/bot.py", line 11, in <module>
2026-02-15T07:38:53.134428794Z [err]      bot = Bot(BOT_TOKEN)
2026-02-15T07:38:53.134434204Z [err]            ^^^^^^^^^^^^^^
2026-02-15T07:38:53.134439594Z [err]    File "/app/.venv/lib/python3.11/site-packages/aiogram/client/bot.py", line 200, in __init__
2026-02-15T07:38:53.134444664Z [err]      validate_token(token)
2026-02-15T07:38:53.134449624Z [err]    File "/app/.venv/lib/python3.11/site-packages/aiogram/utils/token.py", line 17, in validate_token
2026-02-15T07:38:53.134454584Z [err]      raise TokenValidationError(
2026-02-15T07:38:53.134459464Z [err]  aiogram.utils.token.TokenValidationError: Token is invalid! It must be 'str' type instead of <class 'NoneType'> type.
2026-02-15T07:38:54.955495743Z [err]  Traceback (most recent call last):
2026-02-15T07:38:54.955508023Z [err]    File "/app/bot.py", line 11, in <module>
2026-02-15T07:38:54.955515913Z [err]      bot = Bot(BOT_TOKEN)
2026-02-15T07:38:54.955523473Z [err]            ^^^^^^^^^^^^^^
2026-02-15T07:38:54.955532403Z [err]    File "/app/.venv/lib/python3.11/site-packages/aiogram/client/bot.py", line 200, in __init__
2026-02-15T07:38:54.955542873Z [err]      validate_token(token)
2026-02-15T07:38:54.955550663Z [err]    File "/app/.venv/lib/python3.11/site-packages/aiogram/utils/token.py", line 17, in validate_token
2026-02-15T07:38:54.955558953Z [err]      raise TokenValidationError(
2026-02-15T07:38:54.955577673Z [err]  aiogram.utils.token.TokenValidationError: Token is invalid! It must be 'str' type instead of <class 'NoneType'> type.
2026-02-15T07:38:57.024300717Z [err]  Traceback (most recent call last):
2026-02-15T07:38:57.024306017Z [err]    File "/app/bot.py", line 11, in <module>
2026-02-15T07:38:57.024310907Z [err]      bot = Bot(BOT_TOKEN)
2026-02-15T07:38:57.024316317Z [err]            ^^^^^^^^^^^^^^
2026-02-15T07:38:57.024320937Z [err]    File "/app/.venv/lib/python3.11/site-packages/aiogram/client/bot.py", line 200, in __init__
2026-02-15T07:38:57.024325547Z [err]      validate_token(token)
2026-02-15T07:38:57.024330217Z [err]    File "/app/.venv/lib/python3.11/site-packages/aiogram/utils/token.py", line 17, in validate_token
2026-02-15T07:38:57.024336367Z [err]      raise TokenValidationError(
2026-02-15T07:38:57.024341587Z [err]  aiogram.utils.token.TokenValidationError: Token is invalid! It must be 'str' type instead of <class 'NoneType'> type.
2026-02-15T07:38:58.736866838Z [err]  Traceback (most recent call last):
2026-02-15T07:38:58.736874438Z [err]    File "/app/bot.py", line 11, in <module>
2026-02-15T07:38:58.736881588Z [err]      bot = Bot(BOT_TOKEN)
2026-02-15T07:38:58.736888128Z [err]            ^^^^^^^^^^^^^^
2026-02-15T07:38:58.736895038Z [err]    File "/app/.venv/lib/python3.11/site-packages/aiogram/client/bot.py", line 200, in __init__
2026-02-15T07:38:58.736902108Z [err]      validate_token(token)
2026-02-15T07:38:58.736908778Z [err]    File "/app/.venv/lib/python3.11/site-packages/aiogram/utils/token.py", line 17, in validate_token
2026-02-15T07:38:58.736913228Z [err]      raise TokenValidationError(
2026-02-15T07:38:58.736918108Z [err]  aiogram.utils.token.TokenValidationError: Token is invalid! It must be 'str' type instead of <class 'NoneType'> type.
2026-02-15T07:39:00.293773554Z [err]  Traceback (most recent call last):
2026-02-15T07:39:00.293778314Z [err]    File "/app/bot.py", line 11, in <module>
2026-02-15T07:39:00.293782704Z [err]      bot = Bot(BOT_TOKEN)
2026-02-15T07:39:00.293788524Z [err]            ^^^^^^^^^^^^^^
2026-02-15T07:39:00.293793694Z [err]    File "/app/.venv/lib/python3.11/site-packages/aiogram/client/bot.py", line 200, in __init__
2026-02-15T07:39:00.293798344Z [err]      validate_token(token)
2026-02-15T07:39:00.293802874Z [err]    File "/app/.venv/lib/python3.11/site-packages/aiogram/utils/token.py", line 17, in validate_token
2026-02-15T07:39:00.293807414Z [err]      raise TokenValidationError(
2026-02-15T07:39:00.293812114Z [err]  aiogram.utils.token.TokenValidationError: Token is invalid! It must be 'str' type instead of <class 'NoneType'> type.
2026-02-15T07:39:02.212775001Z [err]  Traceback (most recent call last):
2026-02-15T07:39:02.212779801Z [err]    File "/app/bot.py", line 11, in <module>
2026-02-15T07:39:02.212784541Z [err]      bot = Bot(BOT_TOKEN)
2026-02-15T07:39:02.212789461Z [err]            ^^^^^^^^^^^^^^
2026-02-15T07:39:02.212794271Z [err]    File "/app/.venv/lib/python3.11/site-packages/aiogram/client/bot.py", line 200, in __init__
2026-02-15T07:39:02.212799111Z [err]      validate_token(token)
2026-02-15T07:39:02.212804021Z [err]    File "/app/.venv/lib/python3.11/site-packages/aiogram/utils/token.py", line 17, in validate_token
2026-02-15T07:39:02.212810851Z [err]      raise TokenValidationError(
2026-02-15T07:39:02.212815811Z [err]  aiogram.utils.token.TokenValidationError: Token is invalid! It must be 'str' type instead of <class 'NoneType'> type.
2026-02-15T07:39:35.000000000Z [inf]  Starting Container
2026-02-15T07:39:38.602954878Z [err]      validate_token(token)
2026-02-15T07:39:38.602965884Z [err]    File "/app/.venv/lib/python3.11/site-packages/aiogram/utils/token.py", line 17, in validate_token
2026-02-15T07:39:38.602971829Z [err]      raise TokenValidationError(
2026-02-15T07:39:38.602977663Z [err]  aiogram.utils.token.TokenValidationError: Token is invalid! It must be 'str' type instead of <class 'NoneType'> type.
2026-02-15T07:39:38.603041289Z [err]  Traceback (most recent call last):
2026-02-15T07:39:38.603047088Z [err]    File "/app/bot.py", line 11, in <module>
2026-02-15T07:39:38.603053037Z [err]      bot = Bot(BOT_TOKEN)
2026-02-15T07:39:38.603059565Z [err]            ^^^^^^^^^^^^^^
2026-02-15T07:39:38.603066485Z [err]    File "/app/.venv/lib/python3.11/site-packages/aiogram/client/bot.py", line 200, in __init__
2026-02-15T07:39:40.000000000Z [inf]  Stopping Container
2026-02-15T07:39:40.469538320Z [err]      validate_token(token)
2026-02-15T07:39:40.469552927Z [err]    File "/app/.venv/lib/python3.11/site-packages/aiogram/utils/token.py", line 17, in validate_token
2026-02-15T07:39:40.469571033Z [err]      raise TokenValidationError(
2026-02-15T07:39:40.469577329Z [err]  aiogram.utils.token.TokenValidationError: Token is invalid! It must be 'str' type instead of <class 'NoneType'> type.
2026-02-15T07:39:40.469720576Z [err]  Traceback (most recent call last):
2026-02-15T07:39:40.469729010Z [err]    File "/app/bot.py", line 11, in <module>
2026-02-15T07:39:40.469736243Z [err]      bot = Bot(BOT_TOKEN)
2026-02-15T07:39:40.469747190Z [err]            ^^^^^^^^^^^^^^
2026-02-15T07:39:40.469755714Z [err]    File "/app/.venv/lib/python3.11/site-packages/aiogram/client/bot.py", line 200, in __init__
2026-02-15T07:39:43.693262019Z [err]      raise TokenValidationError(
2026-02-15T07:39:43.693271446Z [err]  aiogram.utils.token.TokenValidationError: Token is invalid! It must be 'str' type instead of <class 'NoneType'> type.
2026-02-15T07:39:43.693323449Z [err]  Traceback (most recent call last):
2026-02-15T07:39:43.693331105Z [err]    File "/app/bot.py", line 11, in <module>
2026-02-15T07:39:43.693331857Z [err]    File "/app/.venv/lib/python3.11/site-packages/aiogram/client/bot.py", line 200, in __init__
2026-02-15T07:39:43.693340604Z [err]      bot = Bot(BOT_TOKEN)
2026-02-15T07:39:43.693344196Z [err]      validate_token(token)
2026-02-15T07:39:43.693350191Z [err]            ^^^^^^^^^^^^^^
2026-02-15T07:39:43.693353010Z [err]    File "/app/.venv/lib/python3.11/site-packages/aiogram/utils/token.py", line 17, in validate_token
2026-02-15T07:39:46.967172617Z [err]  Traceback (most recent call last):
2026-02-15T07:39:46.967179339Z [err]    File "/app/bot.py", line 11, in <module>
2026-02-15T07:39:46.967186230Z [err]      bot = Bot(BOT_TOKEN)
2026-02-15T07:39:46.967195208Z [err]            ^^^^^^^^^^^^^^
2026-02-15T07:39:46.967202994Z [err]    File "/app/.venv/lib/python3.11/site-packages/aiogram/client/bot.py", line 200, in __init__
2026-02-15T07:39:46.967209721Z [err]      validate_token(token)
2026-02-15T07:39:46.967216624Z [err]    File "/app/.venv/lib/python3.11/site-packages/aiogram/utils/token.py", line 17, in validate_token
2026-02-15T07:39:46.967223833Z [err]      raise TokenValidationError(
2026-02-15T07:39:46.967231554Z [err]  aiogram.utils.token.TokenValidationError: Token is invalid! It must be 'str' type instead of <class 'NoneType'> type.
2026-02-15T07:39:49.682970798Z [err]  Traceback (most recent call last):
2026-02-15T07:39:49.682977649Z [err]    File "/app/bot.py", line 11, in <module>
2026-02-15T07:39:49.682984767Z [err]      bot = Bot(BOT_TOKEN)
2026-02-15T07:39:49.682990990Z [err]            ^^^^^^^^^^^^^^
2026-02-15T07:39:49.682997453Z [err]    File "/app/.venv/lib/python3.11/site-packages/aiogram/client/bot.py", line 200, in __init__
2026-02-15T07:39:49.683004635Z [err]      validate_token(token)
2026-02-15T07:39:49.683010455Z [err]    File "/app/.venv/lib/python3.11/site-packages/aiogram/utils/token.py", line 17, in validate_token
2026-02-15T07:39:49.683017502Z [err]      raise TokenValidationError(
2026-02-15T07:39:49.683024294Z [err]  aiogram.utils.token.TokenValidationError: Token is invalid! It must be 'str' type instead of <class 'NoneType'> type.
2026-02-15T07:39:52.911293725Z [err]  Traceback (most recent call last):
2026-02-15T07:39:52.911300088Z [err]    File "/app/bot.py", line 11, in <module>
2026-02-15T07:39:52.911305296Z [err]      bot = Bot(BOT_TOKEN)
2026-02-15T07:39:52.911311069Z [err]            ^^^^^^^^^^^^^^
2026-02-15T07:39:52.911318376Z [err]    File "/app/.venv/lib/python3.11/site-packages/aiogram/client/bot.py", line 200, in __init__
2026-02-15T07:39:52.911324934Z [err]      validate_token(token)
2026-02-15T07:39:52.911331903Z [err]    File "/app/.venv/lib/python3.11/site-packages/aiogram/utils/token.py", line 17, in validate_token
2026-02-15T07:39:52.911338285Z [err]      raise TokenValidationError(
2026-02-15T07:39:52.911349097Z [err]  aiogram.utils.token.TokenValidationError: Token is invalid! It must be 'str' type instead of <class 'NoneType'> type.
2026-02-15T07:39:55.750085997Z [err]  aiogram.utils.token.TokenValidationError: Token is invalid! It must be 'str' type instead of <class 'NoneType'> type.
2026-02-15T07:39:55.750102050Z [err]    File "/app/.venv/lib/python3.11/site-packages/aiogram/client/bot.py", line 200, in __init__
2026-02-15T07:39:55.750116023Z [err]      validate_token(token)
2026-02-15T07:39:55.750119599Z [err]  Traceback (most recent call last):
2026-02-15T07:39:55.750126492Z [err]    File "/app/.venv/lib/python3.11/site-packages/aiogram/utils/token.py", line 17, in validate_token
2026-02-15T07:39:55.750126656Z [err]    File "/app/bot.py", line 11, in <module>
2026-02-15T07:39:55.750135711Z [err]      raise TokenValidationError(
2026-02-15T07:39:55.750153399Z [err]      bot = Bot(BOT_TOKEN)
2026-02-15T07:39:55.750158844Z [err]            ^^^^^^^^^^^^^^
2026-02-15T07:39:59.437771767Z [err]  Traceback (most recent call last):
2026-02-15T07:39:59.437778571Z [err]    File "/app/bot.py", line 11, in <module>
2026-02-15T07:39:59.437786046Z [err]      bot = Bot(BOT_TOKEN)
2026-02-15T07:39:59.437793628Z [err]            ^^^^^^^^^^^^^^
2026-02-15T07:39:59.437801675Z [err]    File "/app/.venv/lib/python3.11/site-packages/aiogram/client/bot.py", line 200, in __init__
2026-02-15T07:39:59.437809841Z [err]      validate_token(token)
2026-02-15T07:39:59.437817754Z [err]    File "/app/.venv/lib/python3.11/site-packages/aiogram/utils/token.py", line 17, in validate_token
2026-02-15T07:39:59.437826793Z [err]      raise TokenValidationError(
2026-02-15T07:39:59.437834587Z [err]  aiogram.utils.token.TokenValidationError: Token is invalid! It must be 'str' type instead of <class 'NoneType'> type.
2026-02-15T07:40:02.369170114Z [err]  Traceback (most recent call last):
2026-02-15T07:40:02.369176007Z [err]    File "/app/bot.py", line 11, in <module>
2026-02-15T07:40:02.369189912Z [err]      bot = Bot(BOT_TOKEN)
2026-02-15T07:40:02.369196819Z [err]            ^^^^^^^^^^^^^^
2026-02-15T07:40:02.369202661Z [err]    File "/app/.venv/lib/python3.11/site-packages/aiogram/client/bot.py", line 200, in __init__
2026-02-15T07:40:02.369209898Z [err]      validate_token(token)
2026-02-15T07:40:02.369215220Z [err]    File "/app/.venv/lib/python3.11/site-packages/aiogram/utils/token.py", line 17, in validate_token
2026-02-15T07:40:02.369229254Z [err]      raise TokenValidationError(
2026-02-15T07:40:02.369235824Z [err]  aiogram.utils.token.TokenValidationError: Token is invalid! It must be 'str' type instead of <class 'NoneType'> type.
2026-02-15T07:40:05.694101047Z [err]  Traceback (most recent call last):
2026-02-15T07:40:05.694131913Z [err]    File "/app/bot.py", line 11, in <module>
2026-02-15T07:40:05.694139227Z [err]      bot = Bot(BOT_TOKEN)
2026-02-15T07:40:05.694155442Z [err]            ^^^^^^^^^^^^^^
2026-02-15T07:40:05.694164899Z [err]    File "/app/.venv/lib/python3.11/site-packages/aiogram/client/bot.py", line 200, in __init__
2026-02-15T07:40:05.694171688Z [err]      validate_token(token)
2026-02-15T07:40:05.696019707Z [err]    File "/app/.venv/lib/python3.11/site-packages/aiogram/utils/token.py", line 17, in validate_token
2026-02-15T07:40:05.696030464Z [err]      raise TokenValidationError(
2026-02-15T07:40:05.696038176Z [err]  aiogram.utils.token.TokenValidationError: Token is invalid! It must be 'str' type instead of <class 'NoneType'> type.
2026-02-15T07:40:09.728995732Z [err]      raise TokenValidationError(
2026-02-15T07:40:09.729004626Z [err]  aiogram.utils.token.TokenValidationError: Token is invalid! It must be 'str' type instead of <class 'NoneType'> type.
2026-02-15T07:40:09.729063443Z [err]  Traceback (most recent call last):
2026-02-15T07:40:09.729069276Z [err]    File "/app/bot.py", line 11, in <module>
2026-02-15T07:40:09.729076051Z [err]      bot = Bot(BOT_TOKEN)
2026-02-15T07:40:09.729082905Z [err]            ^^^^^^^^^^^^^^
2026-02-15T07:40:09.729089884Z [err]    File "/app/.venv/lib/python3.11/site-packages/aiogram/client/bot.py", line 200, in __init__
2026-02-15T07:40:09.729095926Z [err]      validate_token(token)
2026-02-15T07:40:09.729101597Z [err]    File "/app/.venv/lib/python3.11/site-packages/aiogram/utils/token.py", line 17, in validate_token
2026-02-15T07:44:28.000000000Z [inf]  Starting Container
2026-02-15T07:44:30.293562743Z [err]  Traceback (most recent call last):
2026-02-15T07:44:30.293568643Z [err]    File "/app/bot.py", line 25, in <module>
2026-02-15T07:44:30.293574163Z [err]      keyboard=[[KeyboardButton("Русский")],[KeyboardButton("English")]],
2026-02-15T07:44:30.293579693Z [err]                 ^^^^^^^^^^^^^^^^^^^^^^^^^
2026-02-15T07:44:30.293585733Z [err]    File "pydantic/main.py", line 355, in pydantic.main.BaseModel.__init__
2026-02-15T07:44:30.293591813Z [err]  TypeError: __init__() takes exactly 1 positional argument (2 given)
2026-02-15T07:44:31.000000000Z [inf]  Stopping Container
2026-02-15T07:44:31.302177888Z [err]  Traceback (most recent call last):
2026-02-15T07:44:31.302185678Z [err]    File "/app/bot.py", line 25, in <module>
2026-02-15T07:44:31.302192318Z [err]      keyboard=[[KeyboardButton("Русский")],[KeyboardButton("English")]],
2026-02-15T07:44:31.302199998Z [err]                 ^^^^^^^^^^^^^^^^^^^^^^^^^
2026-02-15T07:44:31.302206358Z [err]    File "pydantic/main.py", line 355, in pydantic.main.BaseModel.__init__
2026-02-15T07:44:31.302212398Z [err]  TypeError: __init__() takes exactly 1 positional argument (2 given)
2026-02-15T07:44:33.287083410Z [err]  Traceback (most recent call last):
2026-02-15T07:44:33.287091970Z [err]    File "/app/bot.py", line 25, in <module>
2026-02-15T07:44:33.287099450Z [err]      keyboard=[[KeyboardButton("Русский")],[KeyboardButton("English")]],
2026-02-15T07:44:33.287108890Z [err]                 ^^^^^^^^^^^^^^^^^^^^^^^^^
2026-02-15T07:44:33.287117330Z [err]    File "pydantic/main.py", line 355, in pydantic.main.BaseModel.__init__
2026-02-15T07:44:33.287123920Z [err]  TypeError: __init__() takes exactly 1 positional argument (2 given)
2026-02-15T07:44:34.934256328Z [err]  Traceback (most recent call last):
2026-02-15T07:44:34.934268128Z [err]    File "/app/bot.py", line 25, in <module>
2026-02-15T07:44:34.934277288Z [err]      keyboard=[[KeyboardButton("Русский")],[KeyboardButton("English")]],
2026-02-15T07:44:34.934285948Z [err]                 ^^^^^^^^^^^^^^^^^^^^^^^^^
2026-02-15T07:44:34.934295148Z [err]    File "pydantic/main.py", line 355, in pydantic.main.BaseModel.__init__
2026-02-15T07:44:34.934302908Z [err]  TypeError: __init__() takes exactly 1 positional argument (2 given)
2026-02-15T07:44:36.662306895Z [err]      keyboard=[[KeyboardButton("Русский")],[KeyboardButton("English")]],
2026-02-15T07:44:36.662318135Z [err]                 ^^^^^^^^^^^^^^^^^^^^^^^^^
2026-02-15T07:44:36.662327165Z [err]    File "pydantic/main.py", line 355, in pydantic.main.BaseModel.__init__
2026-02-15T07:44:36.662333135Z [err]  TypeError: __init__() takes exactly 1 positional argument (2 given)
2026-02-15T07:44:36.662396365Z [err]  Traceback (most recent call last):
2026-02-15T07:44:36.662400495Z [err]    File "/app/bot.py", line 25, in <module>
2026-02-15T07:44:38.426855279Z [err]  Traceback (most recent call last):
2026-02-15T07:44:38.426863169Z [err]    File "/app/bot.py", line 25, in <module>
2026-02-15T07:44:38.426870579Z [err]      keyboard=[[KeyboardButton("Русский")],[KeyboardButton("English")]],
2026-02-15T07:44:38.426878509Z [err]                 ^^^^^^^^^^^^^^^^^^^^^^^^^
2026-02-15T07:44:38.426885749Z [err]    File "pydantic/main.py", line 355, in pydantic.main.BaseModel.__init__
2026-02-15T07:44:38.426896829Z [err]  TypeError: __init__() takes exactly 1 positional argument (2 given)
2026-02-15T07:44:40.352501471Z [err]  TypeError: __init__() takes exactly 1 positional argument (2 given)
2026-02-15T07:44:40.352536061Z [err]  Traceback (most recent call last):
2026-02-15T07:44:40.352544371Z [err]    File "/app/bot.py", line 25, in <module>
2026-02-15T07:44:40.352552331Z [err]      keyboard=[[KeyboardButton("Русский")],[KeyboardButton("English")]],
2026-02-15T07:44:40.352561091Z [err]                 ^^^^^^^^^^^^^^^^^^^^^^^^^
2026-02-15T07:44:40.352569691Z [err]    File "pydantic/main.py", line 355, in pydantic.main.BaseModel.__init__
2026-02-15T07:44:41.964469173Z [err]  Traceback (most recent call last):
2026-02-15T07:44:41.964474644Z [err]    File "/app/bot.py", line 25, in <module>
2026-02-15T07:44:41.964479344Z [err]      keyboard=[[KeyboardButton("Русский")],[KeyboardButton("English")]],
2026-02-15T07:44:41.964484464Z [err]                 ^^^^^^^^^^^^^^^^^^^^^^^^^
2026-02-15T07:44:41.964491304Z [err]    File "pydantic/main.py", line 355, in pydantic.main.BaseModel.__init__
2026-02-15T07:44:41.964498473Z [err]  TypeError: __init__() takes exactly 1 positional argument (2 given)
2026-02-15T07:44:43.864717652Z [err]  Traceback (most recent call last):
2026-02-15T07:44:43.864723732Z [err]    File "/app/bot.py", line 25, in <module>
2026-02-15T07:44:43.864728642Z [err]      keyboard=[[KeyboardButton("Русский")],[KeyboardButton("English")]],
2026-02-15T07:44:43.864733222Z [err]                 ^^^^^^^^^^^^^^^^^^^^^^^^^
2026-02-15T07:44:43.864737582Z [err]    File "pydantic/main.py", line 355, in pydantic.main.BaseModel.__init__
2026-02-15T07:44:43.864742192Z [err]  TypeError: __init__() takes exactly 1 positional argument (2 given)
2026-02-15T07:44:46.127964601Z [err]  Traceback (most recent call last):
2026-02-15T07:44:46.127974001Z [err]    File "/app/bot.py", line 25, in <module>
2026-02-15T07:44:46.127984501Z [err]      keyboard=[[KeyboardButton("Русский")],[KeyboardButton("English")]],
2026-02-15T07:44:46.127994421Z [err]                 ^^^^^^^^^^^^^^^^^^^^^^^^^
2026-02-15T07:44:46.128005251Z [err]    File "pydantic/main.py", line 355, in pydantic.main.BaseModel.__init__
2026-02-15T07:44:46.128015351Z [err]  TypeError: __init__() takes exactly 1 positional argument (2 given)
2026-02-15T07:44:47.886512831Z [err]  Traceback (most recent call last):
2026-02-15T07:44:47.886518761Z [err]    File "/app/bot.py", line 25, in <module>
2026-02-15T07:44:47.886523851Z [err]      keyboard=[[KeyboardButton("Русский")],[KeyboardButton("English")]],
2026-02-15T07:44:47.886528901Z [err]                 ^^^^^^^^^^^^^^^^^^^^^^^^^
2026-02-15T07:44:47.886535991Z [err]    File "pydantic/main.py", line 355, in pydantic.main.BaseModel.__init__
2026-02-15T07:44:47.886543261Z [err]  TypeError: __init__() takes exactly 1 positional argument (2 given)